<?xml version="1.0" encoding="UTF-8"?>
<testsuite xmlns:xsi="http://www.w3.org/2001/XMLSchema-instance" xsi:noNamespaceSchemaLocation="https://maven.apache.org/surefire/maven-surefire-plugin/xsd/surefire-test-report-3.0.xsd" version="3.0" name="com.example.realityshow.RealityShowIntegratedTests" time="15.145" tests="1" errors="0" skipped="0" failures="0">
  <properties>
[...]
</properties>
  <testcase name="testing" classname="com.example.realityshow.RealityShowIntegratedTests" time="0.018">
    <system-err><![CDATA[SLF4J: Class path contains multiple SLF4J bindings.
SLF4J: Found binding in [jar:file:/home/diego/.m2/repository/org/slf4j/slf4j-simple/1.7.30/slf4j-simple-1.7.30.jar!/org/slf4j/impl/StaticLoggerBinder.class]
SLF4J: Found binding in [jar:file:/home/diego/.m2/repository/org/apache/logging/log4j/log4j-slf4j-impl/2.12.1/log4j-slf4j-impl-2.12.1.jar!/org/slf4j/impl/StaticLoggerBinder.class]
SLF4J: See http://www.slf4j.org/codes.html#multiple_bindings for an explanation.
SLF4J: Actual binding is of type [org.slf4j.impl.SimpleLoggerFactory]
[main] INFO org.testcontainers.dockerclient.DockerClientProviderStrategy - Loaded org.testcontainers.dockerclient.UnixSocketClientProviderStrategy from ~/.testcontainers.properties, will try it first
[main] INFO org.testcontainers.dockerclient.DockerClientProviderStrategy - Found Docker environment with local Unix socket (unix:///var/run/docker.sock)
[main] INFO org.testcontainers.DockerClientFactory - Docker host IP address is localhost
[main] INFO org.testcontainers.DockerClientFactory - Connected to docker: 
  Server Version: 20.10.6
  API Version: 1.41
  Operating System: Ubuntu 20.04.2 LTS
  Total Memory: 15904 MB
[main] INFO org.testcontainers.utility.ImageNameSubstitutor - Image name substitution will be performed by: DefaultImageNameSubstitutor (composite of 'ConfigurationFileImageNameSubstitutor' and 'PrefixingImageNameSubstitutor')
[main] INFO org.testcontainers.utility.RegistryAuthLocator - Failure when attempting to lookup auth config. Please ignore if you don't have images in an authenticated registry. Details: (dockerImageName: testcontainers/ryuk:0.3.1, configFile: /home/diego/.docker/config.json. Falling back to docker-java default behaviour. Exception message: /home/diego/.docker/config.json (No such file or directory)
[main] INFO org.testcontainers.DockerClientFactory - Ryuk started - will monitor and terminate Testcontainers containers on JVM exit
[main] INFO org.testcontainers.DockerClientFactory - Checking the system...
[main] INFO org.testcontainers.DockerClientFactory - ✔︎ Docker server version should be at least 1.6.0
[main] INFO org.testcontainers.DockerClientFactory - ✔︎ Docker environment should have more than 2GB free disk space
[main] INFO org.testcontainers.containers.DockerComposeContainer - Preemptively checking local images for 'rabbitmq:3.8.16-management', referenced via a compose file or transitive Dockerfile. If not available, it will be pulled.
[main] INFO org.testcontainers.containers.DockerComposeContainer - Preemptively checking local images for 'mongo:latest', referenced via a compose file or transitive Dockerfile. If not available, it will be pulled.
[main] INFO org.testcontainers.containers.DockerComposeContainer - Preemptively checking local images for 'openjdk:14-jdk-alpine', referenced via a compose file or transitive Dockerfile. If not available, it will be pulled.
[main] INFO 🐳 [docker/compose:1.24.1] - Creating container for image: docker/compose:1.24.1
[main] INFO 🐳 [docker/compose:1.24.1] - Starting container with ID: c5d41a8f4dc43b190cd981870db7b2346c5bc655833b88db871dc56a4497ea8e
[main] INFO 🐳 [docker/compose:1.24.1] - Container docker/compose:1.24.1 is starting: c5d41a8f4dc43b190cd981870db7b2346c5bc655833b88db871dc56a4497ea8e
[main] INFO 🐳 [docker/compose:1.24.1] - Container docker/compose:1.24.1 started in PT3.052928S
[main] INFO 🐳 [docker/compose:1.24.1] - Docker Compose container is running for command: up -d
[main] INFO 🐳 [docker/compose:1.24.1] - Docker Compose has finished running
[main] INFO 🐳 [alpine/socat:1.7.3.4-r0] - Creating container for image: alpine/socat:1.7.3.4-r0
[docker-java-stream--226467668] INFO 🐳 [docker/compose:1.24.1] - STDERR: Creating network "prfmqypqtrkg_reality-show-network" with driver "bridge"
[docker-java-stream--226467668] INFO 🐳 [docker/compose:1.24.1] - STDERR: Creating prfmqypqtrkg_mongo_1 ... 
[docker-java-stream--226467668] INFO 🐳 [docker/compose:1.24.1] - STDERR: Creating prfmqypqtrkg_rabbitmq_1 ... 
[docker-java-stream--226467668] INFO 🐳 [docker/compose:1.24.1] - STDERR: &amp#27;[2A&amp#27;[2KCreating prfmqypqtrkg_mongo_1    ... done&amp#27;[2BCreating prfmqypqtrkg_realityshowvotes_1 ... 
[docker-java-stream--226467668] INFO 🐳 [docker/compose:1.24.1] - STDERR: &amp#27;[2A&amp#27;[2KCreating prfmqypqtrkg_rabbitmq_1         ... done&amp#27;[2BCreating prfmqypqtrkg_realityshowweb_1   ... 
[docker-java-stream--226467668] INFO 🐳 [docker/compose:1.24.1] - STDERR: &amp#27;[1A&amp#27;[2KCreating prfmqypqtrkg_realityshowweb_1   ... done&amp#27;[1B&amp#27;[2A&amp#27;[2KCreating prfmqypqtrkg_realityshowvotes_1 ... done&amp#27;[2B
[main] INFO 🐳 [alpine/socat:1.7.3.4-r0] - Starting container with ID: 71e733667a3b4b91cc5612a8280c8499c4e03519ef55051f7e7591435359425b
[main] INFO 🐳 [alpine/socat:1.7.3.4-r0] - Container alpine/socat:1.7.3.4-r0 is starting: 71e733667a3b4b91cc5612a8280c8499c4e03519ef55051f7e7591435359425b
[main] INFO 🐳 [alpine/socat:1.7.3.4-r0] - Container alpine/socat:1.7.3.4-r0 started in PT1.418796S
[docker-java-stream-475344090] INFO com.example.realityshow.IntegratedTest - STDOUT: 
[docker-java-stream-475344090] INFO com.example.realityshow.IntegratedTest - STDOUT:   .   ____          _            __ _ _
[docker-java-stream-475344090] INFO com.example.realityshow.IntegratedTest - STDOUT:  /\\ / ___'_ __ _ _(_)_ __  __ _ \ \ \ \
[docker-java-stream-475344090] INFO com.example.realityshow.IntegratedTest - STDOUT: ( ( )\___ | '_ | '_| | '_ \/ _` | \ \ \ \
[docker-java-stream-475344090] INFO com.example.realityshow.IntegratedTest - STDOUT:  \\/  ___)| |_)| | | | | || (_| |  ) ) ) )
[docker-java-stream-475344090] INFO com.example.realityshow.IntegratedTest - STDOUT:   '  |____| .__|_| |_|_| |_\__, | / / / /
[docker-java-stream-475344090] INFO com.example.realityshow.IntegratedTest - STDOUT:  =========|_|==============|___/=/_/_/_/
[docker-java-stream-475344090] INFO com.example.realityshow.IntegratedTest - STDOUT:  :: Spring Boot ::                (v2.4.5)
[docker-java-stream-475344090] INFO com.example.realityshow.IntegratedTest - STDOUT: 
[docker-java-stream-475344090] INFO com.example.realityshow.IntegratedTest - STDOUT: 2021-06-14 03:22:14.112  INFO 1 --- [           main] c.e.r.RealityShowWebApplication          : Starting RealityShowWebApplication v0.0.1-SNAPSHOT using Java 14-ea on 038582a9fea5 with PID 1 (/app.jar started by root in /)
[docker-java-stream-475344090] INFO com.example.realityshow.IntegratedTest - STDOUT: 2021-06-14 03:22:14.116  INFO 1 --- [           main] c.e.r.RealityShowWebApplication          : The following profiles are active: dev
[docker-java-stream-475344090] INFO com.example.realityshow.IntegratedTest - STDOUT: 2021-06-14 03:22:15.622  INFO 1 --- [           main] .s.d.r.c.RepositoryConfigurationDelegate : Bootstrapping Spring Data Reactive MongoDB repositories in DEFAULT mode.
[docker-java-stream-475344090] INFO com.example.realityshow.IntegratedTest - STDOUT: 2021-06-14 03:22:15.892  INFO 1 --- [           main] .s.d.r.c.RepositoryConfigurationDelegate : Finished Spring Data repository scanning in 256 ms. Found 1 Reactive MongoDB repository interfaces.
[docker-java-stream-475344090] INFO com.example.realityshow.IntegratedTest - STDOUT: 2021-06-14 03:22:16.849  INFO 1 --- [           main] org.mongodb.driver.cluster               : Cluster created with settings {hosts=[mongo:27017], mode=SINGLE, requiredClusterType=UNKNOWN, serverSelectionTimeout='30000 ms'}
[docker-java-stream-475344090] INFO com.example.realityshow.IntegratedTest - STDOUT: 2021-06-14 03:22:17.091  INFO 1 --- [l'}-mongo:27017] org.mongodb.driver.connection            : Opened connection [connectionId{localValue:1, serverValue:5}] to mongo:27017
[docker-java-stream-475344090] INFO com.example.realityshow.IntegratedTest - STDOUT: 2021-06-14 03:22:17.091  INFO 1 --- [l'}-mongo:27017] org.mongodb.driver.connection            : Opened connection [connectionId{localValue:2, serverValue:6}] to mongo:27017
[docker-java-stream-475344090] INFO com.example.realityshow.IntegratedTest - STDOUT: 2021-06-14 03:22:17.101  INFO 1 --- [l'}-mongo:27017] org.mongodb.driver.cluster               : Monitor thread successfully connected to server with description ServerDescription{address=mongo:27017, type=STANDALONE, state=CONNECTED, ok=true, minWireVersion=0, maxWireVersion=9, maxDocumentSize=16777216, logicalSessionTimeoutMinutes=30, roundTripTimeNanos=75598367}
[docker-java-stream-475344090] INFO com.example.realityshow.IntegratedTest - STDOUT: 2021-06-14 03:22:18.845  INFO 1 --- [           main] org.mongodb.driver.cluster               : Cluster created with settings {hosts=[mongo:27017], mode=SINGLE, requiredClusterType=UNKNOWN, serverSelectionTimeout='30000 ms'}
[docker-java-stream-475344090] INFO com.example.realityshow.IntegratedTest - STDOUT: 2021-06-14 03:22:18.954  INFO 1 --- [           main] o.s.b.web.embedded.netty.NettyWebServer  : Netty started on port 8080
[docker-java-stream-475344090] INFO com.example.realityshow.IntegratedTest - STDOUT: 2021-06-14 03:22:18.969  INFO 1 --- [           main] c.e.r.RealityShowWebApplication          : Started RealityShowWebApplication in 5.954 seconds (JVM running for 6.599)
[docker-java-stream-475344090] INFO com.example.realityshow.IntegratedTest - STDOUT: 2021-06-14 03:22:19.030  INFO 1 --- [l'}-mongo:27017] org.mongodb.driver.connection            : Opened connection [connectionId{localValue:4, serverValue:7}] to mongo:27017
[docker-java-stream-475344090] INFO com.example.realityshow.IntegratedTest - STDOUT: 2021-06-14 03:22:19.030  INFO 1 --- [l'}-mongo:27017] org.mongodb.driver.connection            : Opened connection [connectionId{localValue:3, serverValue:8}] to mongo:27017
[docker-java-stream-475344090] INFO com.example.realityshow.IntegratedTest - STDOUT: 2021-06-14 03:22:19.043  INFO 1 --- [l'}-mongo:27017] org.mongodb.driver.cluster               : Monitor thread successfully connected to server with description ServerDescription{address=mongo:27017, type=STANDALONE, state=CONNECTED, ok=true, minWireVersion=0, maxWireVersion=9, maxDocumentSize=16777216, logicalSessionTimeoutMinutes=30, roundTripTimeNanos=77425562}
]]></system-err>
  </testcase>
</testsuite>